  imgui.cpp
  imgui_demo.cpp
  imgui_draw.cpp
  imgui_impl_dx11.cpp
  imgui_impl_win32.cpp
  imgui_widgets.cpp
  ball_collision_system.cpp
C:\Users\Michael\Projects\rush_park\source\ball_collision_system.cpp(7,10): fatal error C1083: Cannot open include file: 'imgui.h': No such file or directory
  component.cpp
  engine.cpp
C:\Users\Michael\Projects\rush_park\source\engine.cpp(15,10): fatal error C1083: Cannot open include file: 'imgui.h': No such file or directory
  game_state_system.cpp
  compiler_translation_unit.cpp
C:\Users\Michael\Projects\rush_park\source\engine.cpp(15,10): fatal error C1083: Cannot open include file: 'imgui.h': No such file or directory
  input.cpp
  main.cpp
  networking_system.cpp
C:\Users\Michael\Projects\rush_park\source\platform_win32\networking_system.cpp(227,1): warning C4996: 'inet_addr': Use inet_pton() or InetPton() instead or define _WINSOCK_DEPRECATED_NO_WARNINGS to disable deprecated API warnings
C:\Program Files (x86)\Windows Kits\10\Include\10.0.17763.0\um\WinSock2.h(1831): message : see declaration of 'inet_addr'
  renderer.cpp
C:\Users\Michael\Projects\rush_park\source\platform_win32\renderer.cpp(19,10): fatal error C1083: Cannot open include file: 'ExplicitPath/d3dx10math.h': No such file or directory
  player_collision_system.cpp
  player_controller_system.cpp
  Generating Code...
